[2m9:25:46 pm[22m [33m[1m[vite][22m[39m [33m[2m(client)[22m[39m [2m[console.warn] [22mPlaceholders are deprecated due to accessibility issues. Please use help text instead. See the docs for details: https://react-spectrum.adobe.com/react-spectrum/SearchField.html#help-text
[2m9:25:46 pm[22m [33m[1m[vite][22m[39m [33m[2m(client)[22m[39m [2m[console.warn] [22mPlaceholders are deprecated due to accessibility issues. Please use help text instead. See the docs for details: https://react-spectrum.adobe.com/react-spectrum/SearchField.html#help-text
[2m9:25:46 pm[22m [33m[1m[vite][22m[39m [33m[2m(client)[22m[39m [2m[console.warn] [22mPlaceholders are deprecated due to accessibility issues. Please use help text instead. See the docs for details: https://react-spectrum.adobe.com/react-spectrum/TextField.html#help-text
[2m9:39:25 pm[22m [33m[1m[vite][22m[39m [33m[2m(client)[22m[39m [2m[console.warn] [22mPlaceholders are deprecated due to accessibility issues. Please use help text instead. See the docs for details: https://react-spectrum.adobe.com/react-spectrum/SearchField.html#help-text
[2m9:39:25 pm[22m [33m[1m[vite][22m[39m [33m[2m(client)[22m[39m [2m[console.warn] [22mPlaceholders are deprecated due to accessibility issues. Please use help text instead. See the docs for details: https://react-spectrum.adobe.com/react-spectrum/SearchField.html#help-text
[2m9:39:25 pm[22m [33m[1m[vite][22m[39m [33m[2m(client)[22m[39m [2m[console.warn] [22mPlaceholders are deprecated due to accessibility issues. Please use help text instead. See the docs for details: https://react-spectrum.adobe.com/react-spectrum/TextField.html#help-text
[2m9:39:39 pm[22m [33m[1m[vite][22m[39m [33m[2m(client)[22m[39m [2m[console.warn] [22mPlaceholders are deprecated due to accessibility issues. Please use help text instead. See the docs for details: https://react-spectrum.adobe.com/react-spectrum/TextField.html#help-text
[2m9:44:02 pm[22m [33m[1m[vite][22m[39m [33m[2m(client)[22m[39m [2m[console.warn] [22mPlaceholders are deprecated due to accessibility issues. Please use help text instead. See the docs for details: https://react-spectrum.adobe.com/react-spectrum/TextField.html#help-text
[2m9:47:43 pm[22m [33m[1m[vite][22m[39m [33m[2m(client)[22m[39m [2m[console.warn] [22mPlaceholders are deprecated due to accessibility issues. Please use help text instead. See the docs for details: https://react-spectrum.adobe.com/react-spectrum/TextField.html#help-text
[2m10:56:38 pm[22m [33m[1m[vite][22m[39m [33m[2m(client)[22m[39m [2m[console.warn] [22mPlaceholders are deprecated due to accessibility issues. Please use help text instead. See the docs for details: https://react-spectrum.adobe.com/react-spectrum/TextField.html#help-text
[2m10:59:13 pm[22m [33m[1m[vite][22m[39m [33m[2m(client)[22m[39m [2m[console.warn] [22mPlaceholders are deprecated due to accessibility issues. Please use help text instead. See the docs for details: https://react-spectrum.adobe.com/react-spectrum/TextField.html#help-text
[2m11:12:44 pm[22m [33m[1m[vite][22m[39m [33m[2m(client)[22m[39m [2m[console.warn] [22mPlaceholders are deprecated due to accessibility issues. Please use help text instead. See the docs for details: https://react-spectrum.adobe.com/react-spectrum/TextField.html#help-text
[2m11:12:56 pm[22m [33m[1m[vite][22m[39m [33m[2m(client)[22m[39m [2m[console.warn] [22mPlaceholders are deprecated due to accessibility issues. Please use help text instead. See the docs for details: https://react-spectrum.adobe.com/react-spectrum/TextField.html#help-text
[2m11:13:09 pm[22m [33m[1m[vite][22m[39m [33m[2m(client)[22m[39m [2m[console.warn] [22mPlaceholders are deprecated due to accessibility issues. Please use help text instead. See the docs for details: https://react-spectrum.adobe.com/react-spectrum/SearchField.html#help-text
[2m11:13:09 pm[22m [33m[1m[vite][22m[39m [33m[2m(client)[22m[39m [2m[console.warn] [22mPlaceholders are deprecated due to accessibility issues. Please use help text instead. See the docs for details: https://react-spectrum.adobe.com/react-spectrum/SearchField.html#help-text
[2m11:13:09 pm[22m [33m[1m[vite][22m[39m [33m[2m(client)[22m[39m [2m[console.warn] [22mPlaceholders are deprecated due to accessibility issues. Please use help text instead. See the docs for details: https://react-spectrum.adobe.com/react-spectrum/TextField.html#help-text
[2m11:13:14 pm[22m [33m[1m[vite][22m[39m [33m[2m(client)[22m[39m [2m[console.warn] [22mPlaceholders are deprecated due to accessibility issues. Please use help text instead. See the docs for details: https://react-spectrum.adobe.com/react-spectrum/TextField.html#help-text
[2m11:14:18 pm[22m [33m[1m[vite][22m[39m [33m[2m(client)[22m[39m [2m[console.warn] [22mPlaceholders are deprecated due to accessibility issues. Please use help text instead. See the docs for details: https://react-spectrum.adobe.com/react-spectrum/TextField.html#help-text
[2m11:15:10 pm[22m [33m[1m[vite][22m[39m [33m[2m(client)[22m[39m [2m[console.warn] [22mPlaceholders are deprecated due to accessibility issues. Please use help text instead. See the docs for details: https://react-spectrum.adobe.com/react-spectrum/TextField.html#help-text
[2m11:15:10 pm[22m [33m[1m[vite][22m[39m [33m[2m(client)[22m[39m [2m[console.warn] [22mPlaceholders are deprecated due to accessibility issues. Please use help text instead. See the docs for details: https://react-spectrum.adobe.com/react-spectrum/TextArea.html#help-text
[2m11:16:36 pm[22m [33m[1m[vite][22m[39m [33m[2m(client)[22m[39m [2m[console.warn] [22mPlaceholders are deprecated due to accessibility issues. Please use help text instead. See the docs for details: https://react-spectrum.adobe.com/react-spectrum/TextField.html#help-text
[2m11:16:57 pm[22m [33m[1m[vite][22m[39m [33m[2m(client)[22m[39m [2m[console.warn] [22mPlaceholders are deprecated due to accessibility issues. Please use help text instead. See the docs for details: https://react-spectrum.adobe.com/react-spectrum/TextField.html#help-text
[2m11:18:07 pm[22m [33m[1m[vite][22m[39m [33m[2m(client)[22m[39m [2m[console.warn] [22mPlaceholders are deprecated due to accessibility issues. Please use help text instead. See the docs for details: https://react-spectrum.adobe.com/react-spectrum/TextField.html#help-text
[2m11:18:37 pm[22m [33m[1m[vite][22m[39m [33m[2m(client)[22m[39m [2m[console.warn] [22mPlaceholders are deprecated due to accessibility issues. Please use help text instead. See the docs for details: https://react-spectrum.adobe.com/react-spectrum/TextField.html#help-text
[2m11:18:39 pm[22m [33m[1m[vite][22m[39m [33m[2m(client)[22m[39m [2m[console.warn] [22mPlaceholders are deprecated due to accessibility issues. Please use help text instead. See the docs for details: https://react-spectrum.adobe.com/react-spectrum/TextField.html#help-text
[2m11:19:11 pm[22m [33m[1m[vite][22m[39m [33m[2m(client)[22m[39m [2m[console.warn] [22mPlaceholders are deprecated due to accessibility issues. Please use help text instead. See the docs for details: https://react-spectrum.adobe.com/react-spectrum/SearchField.html#help-text
[2m11:19:11 pm[22m [33m[1m[vite][22m[39m [33m[2m(client)[22m[39m [2m[console.warn] [22mPlaceholders are deprecated due to accessibility issues. Please use help text instead. See the docs for details: https://react-spectrum.adobe.com/react-spectrum/SearchField.html#help-text
[2m11:19:11 pm[22m [33m[1m[vite][22m[39m [33m[2m(client)[22m[39m [2m[console.warn] [22mPlaceholders are deprecated due to accessibility issues. Please use help text instead. See the docs for details: https://react-spectrum.adobe.com/react-spectrum/TextField.html#help-text
[2m11:19:15 pm[22m [31m[1m[vite][22m[39m [31m[2m(client)[22m[39m [31m[Unhandled error] [1mError[22m: ResizeObserver loop completed with undelivered notifications.
[39m > ../../../@vite/client:516:55

[2m11:19:15 pm[22m [31m[1m[vite][22m[39m [31m[2m(client)[22m[39m [31m[Unhandled error] [1mError[22m: ResizeObserver loop completed with undelivered notifications.
[39m > ../../../@vite/client:516:55

[2m11:19:15 pm[22m [31m[1m[vite][22m[39m [31m[2m(client)[22m[39m [31m[Unhandled error] [1mError[22m: ResizeObserver loop completed with undelivered notifications.
[39m > ../../../@vite/client:516:55

[2m11:19:15 pm[22m [31m[1m[vite][22m[39m [31m[2m(client)[22m[39m [31m[Unhandled error] [1mError[22m: ResizeObserver loop completed with undelivered notifications.
[39m > ../../../@vite/client:516:55

[2m11:19:15 pm[22m [31m[1m[vite][22m[39m [31m[2m(client)[22m[39m [31m[Unhandled error] [1mError[22m: ResizeObserver loop completed with undelivered notifications.
[39m > ../../../@vite/client:516:55

[2m11:19:15 pm[22m [31m[1m[vite][22m[39m [31m[2m(client)[22m[39m [31m[Unhandled error] [1mError[22m: ResizeObserver loop completed with undelivered notifications.
[39m > ../../../@vite/client:516:55

[2m11:19:15 pm[22m [31m[1m[vite][22m[39m [31m[2m(client)[22m[39m [31m[Unhandled error] [1mError[22m: ResizeObserver loop completed with undelivered notifications.
[39m > ../../../@vite/client:516:55

[2m11:19:15 pm[22m [31m[1m[vite][22m[39m [31m[2m(client)[22m[39m [31m[Unhandled error] [1mError[22m: ResizeObserver loop completed with undelivered notifications.
[39m > ../../../@vite/client:516:55

[2m11:19:15 pm[22m [31m[1m[vite][22m[39m [31m[2m(client)[22m[39m [31m[Unhandled error] [1mError[22m: ResizeObserver loop completed with undelivered notifications.
[39m > ../../../@vite/client:516:55

[2m11:19:15 pm[22m [31m[1m[vite][22m[39m [31m[2m(client)[22m[39m [31m[Unhandled error] [1mError[22m: ResizeObserver loop completed with undelivered notifications.
[39m > ../../../@vite/client:516:55

[2m11:19:15 pm[22m [31m[1m[vite][22m[39m [31m[2m(client)[22m[39m [31m[Unhandled error] [1mError[22m: ResizeObserver loop completed with undelivered notifications.
[39m > ../../../@vite/client:516:55

[2m11:19:15 pm[22m [31m[1m[vite][22m[39m [31m[2m(client)[22m[39m [31m[Unhandled error] [1mError[22m: ResizeObserver loop completed with undelivered notifications.
[39m > ../../../@vite/client:516:55

[2m11:19:18 pm[22m [31m[1m[vite][22m[39m [31m[2m(client)[22m[39m [31m[Unhandled error] [1mError[22m: ResizeObserver loop completed with undelivered notifications.
[39m > ../../../@vite/client:516:55

[2m11:19:18 pm[22m [31m[1m[vite][22m[39m [31m[2m(client)[22m[39m [31m[Unhandled error] [1mError[22m: ResizeObserver loop completed with undelivered notifications.
[39m > ../../../@vite/client:516:55

[2m11:19:18 pm[22m [31m[1m[vite][22m[39m [31m[2m(client)[22m[39m [31m[Unhandled error] [1mError[22m: ResizeObserver loop completed with undelivered notifications.
[39m > ../../../@vite/client:516:55

[2m11:19:18 pm[22m [31m[1m[vite][22m[39m [31m[2m(client)[22m[39m [31m[Unhandled error] [1mError[22m: ResizeObserver loop completed with undelivered notifications.
[39m > ../../../@vite/client:516:55

[2m11:19:18 pm[22m [31m[1m[vite][22m[39m [31m[2m(client)[22m[39m [31m[Unhandled error] [1mError[22m: ResizeObserver loop completed with undelivered notifications.
[39m > ../../../@vite/client:516:55

[2m11:19:18 pm[22m [31m[1m[vite][22m[39m [31m[2m(client)[22m[39m [31m[Unhandled error] [1mError[22m: ResizeObserver loop completed with undelivered notifications.
[39m > ../../../@vite/client:516:55

[2m11:19:18 pm[22m [31m[1m[vite][22m[39m [31m[2m(client)[22m[39m [31m[Unhandled error] [1mError[22m: ResizeObserver loop completed with undelivered notifications.
[39m > ../../../@vite/client:516:55

[2m11:19:18 pm[22m [31m[1m[vite][22m[39m [31m[2m(client)[22m[39m [31m[Unhandled error] [1mError[22m: ResizeObserver loop completed with undelivered notifications.
[39m > ../../../@vite/client:516:55

[2m11:19:18 pm[22m [31m[1m[vite][22m[39m [31m[2m(client)[22m[39m [31m[Unhandled error] [1mError[22m: ResizeObserver loop completed with undelivered notifications.
[39m > ../../../@vite/client:516:55

[2m11:19:18 pm[22m [31m[1m[vite][22m[39m [31m[2m(client)[22m[39m [31m[Unhandled error] [1mError[22m: ResizeObserver loop completed with undelivered notifications.
[39m > ../../../@vite/client:516:55

[2m11:19:18 pm[22m [31m[1m[vite][22m[39m [31m[2m(client)[22m[39m [31m[Unhandled error] [1mError[22m: ResizeObserver loop completed with undelivered notifications.
[39m > ../../../@vite/client:516:55

[2m11:19:18 pm[22m [31m[1m[vite][22m[39m [31m[2m(client)[22m[39m [31m[Unhandled error] [1mError[22m: ResizeObserver loop completed with undelivered notifications.
[39m > ../../../@vite/client:516:55

[2m11:19:22 pm[22m [33m[1m[vite][22m[39m [33m[2m(client)[22m[39m [2m[console.warn] [22mPlaceholders are deprecated due to accessibility issues. Please use help text instead. See the docs for details: https://react-spectrum.adobe.com/react-spectrum/TextField.html#help-text
[2m11:35:04 pm[22m [33m[1m[vite][22m[39m [33m[2m(client)[22m[39m [2m[console.warn] [22mPlaceholders are deprecated due to accessibility issues. Please use help text instead. See the docs for details: https://react-spectrum.adobe.com/react-spectrum/SearchField.html#help-text
[2m11:35:04 pm[22m [33m[1m[vite][22m[39m [33m[2m(client)[22m[39m [2m[console.warn] [22mPlaceholders are deprecated due to accessibility issues. Please use help text instead. See the docs for details: https://react-spectrum.adobe.com/react-spectrum/SearchField.html#help-text
[2m11:35:04 pm[22m [33m[1m[vite][22m[39m [33m[2m(client)[22m[39m [2m[console.warn] [22mPlaceholders are deprecated due to accessibility issues. Please use help text instead. See the docs for details: https://react-spectrum.adobe.com/react-spectrum/TextField.html#help-text
[2m11:35:11 pm[22m [33m[1m[vite][22m[39m [33m[2m(client)[22m[39m [2m[console.warn] [22mPlaceholders are deprecated due to accessibility issues. Please use help text instead. See the docs for details: https://react-spectrum.adobe.com/react-spectrum/TextField.html#help-text
[2m11:51:06 pm[22m [33m[1m[vite][22m[39m [33m[2m(client)[22m[39m [2m[console.warn] [22mPlaceholders are deprecated due to accessibility issues. Please use help text instead. See the docs for details: https://react-spectrum.adobe.com/react-spectrum/SearchField.html#help-text
[2m11:51:06 pm[22m [33m[1m[vite][22m[39m [33m[2m(client)[22m[39m [2m[console.warn] [22mPlaceholders are deprecated due to accessibility issues. Please use help text instead. See the docs for details: https://react-spectrum.adobe.com/react-spectrum/SearchField.html#help-text
[2m11:51:06 pm[22m [33m[1m[vite][22m[39m [33m[2m(client)[22m[39m [2m[console.warn] [22mPlaceholders are deprecated due to accessibility issues. Please use help text instead. See the docs for details: https://react-spectrum.adobe.com/react-spectrum/TextField.html#help-text
[2m11:52:42 pm[22m [33m[1m[vite][22m[39m [33m[2m(client)[22m[39m [2m[console.warn] [22mPlaceholders are deprecated due to accessibility issues. Please use help text instead. See the docs for details: https://react-spectrum.adobe.com/react-spectrum/SearchField.html#help-text
[2m11:52:42 pm[22m [33m[1m[vite][22m[39m [33m[2m(client)[22m[39m [2m[console.warn] [22mPlaceholders are deprecated due to accessibility issues. Please use help text instead. See the docs for details: https://react-spectrum.adobe.com/react-spectrum/SearchField.html#help-text
[2m11:52:42 pm[22m [33m[1m[vite][22m[39m [33m[2m(client)[22m[39m [2m[console.warn] [22mPlaceholders are deprecated due to accessibility issues. Please use help text instead. See the docs for details: https://react-spectrum.adobe.com/react-spectrum/TextField.html#help-text
[2m11:59:13 pm[22m [33m[1m[vite][22m[39m [33m[2m(client)[22m[39m [2m[console.warn] [22mPlaceholders are deprecated due to accessibility issues. Please use help text instead. See the docs for details: https://react-spectrum.adobe.com/react-spectrum/SearchField.html#help-text
[2m11:59:13 pm[22m [33m[1m[vite][22m[39m [33m[2m(client)[22m[39m [2m[console.warn] [22mPlaceholders are deprecated due to accessibility issues. Please use help text instead. See the docs for details: https://react-spectrum.adobe.com/react-spectrum/SearchField.html#help-text
[2m11:59:13 pm[22m [33m[1m[vite][22m[39m [33m[2m(client)[22m[39m [2m[console.warn] [22mPlaceholders are deprecated due to accessibility issues. Please use help text instead. See the docs for details: https://react-spectrum.adobe.com/react-spectrum/TextField.html#help-text
[2m11:59:22 pm[22m [33m[1m[vite][22m[39m [33m[2m(client)[22m[39m [2m[console.warn] [22mPlaceholders are deprecated due to accessibility issues. Please use help text instead. See the docs for details: https://react-spectrum.adobe.com/react-spectrum/SearchField.html#help-text
[2m11:59:22 pm[22m [33m[1m[vite][22m[39m [33m[2m(client)[22m[39m [2m[console.warn] [22mPlaceholders are deprecated due to accessibility issues. Please use help text instead. See the docs for details: https://react-spectrum.adobe.com/react-spectrum/SearchField.html#help-text
[2m11:59:22 pm[22m [33m[1m[vite][22m[39m [33m[2m(client)[22m[39m [2m[console.warn] [22mPlaceholders are deprecated due to accessibility issues. Please use help text instead. See the docs for details: https://react-spectrum.adobe.com/react-spectrum/TextField.html#help-text
[2m11:59:24 pm[22m [33m[1m[vite][22m[39m [33m[2m(client)[22m[39m [2m[console.warn] [22mPlaceholders are deprecated due to accessibility issues. Please use help text instead. See the docs for details: https://react-spectrum.adobe.com/react-spectrum/TextField.html#help-text
[2m12:06:02 am[22m [33m[1m[vite][22m[39m [33m[2m(client)[22m[39m [2m[console.warn] [22mPlaceholders are deprecated due to accessibility issues. Please use help text instead. See the docs for details: https://react-spectrum.adobe.com/react-spectrum/SearchField.html#help-text
[2m12:06:02 am[22m [33m[1m[vite][22m[39m [33m[2m(client)[22m[39m [2m[console.warn] [22mPlaceholders are deprecated due to accessibility issues. Please use help text instead. See the docs for details: https://react-spectrum.adobe.com/react-spectrum/SearchField.html#help-text
[2m12:06:02 am[22m [33m[1m[vite][22m[39m [33m[2m(client)[22m[39m [2m[console.warn] [22mPlaceholders are deprecated due to accessibility issues. Please use help text instead. See the docs for details: https://react-spectrum.adobe.com/react-spectrum/TextField.html#help-text
[2m12:11:15 am[22m [33m[1m[vite][22m[39m [33m[2m(client)[22m[39m [2m[console.warn] [22mPlaceholders are deprecated due to accessibility issues. Please use help text instead. See the docs for details: https://react-spectrum.adobe.com/react-spectrum/SearchField.html#help-text
[2m12:11:15 am[22m [33m[1m[vite][22m[39m [33m[2m(client)[22m[39m [2m[console.warn] [22mPlaceholders are deprecated due to accessibility issues. Please use help text instead. See the docs for details: https://react-spectrum.adobe.com/react-spectrum/SearchField.html#help-text
[2m12:11:15 am[22m [33m[1m[vite][22m[39m [33m[2m(client)[22m[39m [2m[console.warn] [22mPlaceholders are deprecated due to accessibility issues. Please use help text instead. See the docs for details: https://react-spectrum.adobe.com/react-spectrum/TextField.html#help-text
[2m12:17:30 am[22m [33m[1m[vite][22m[39m [33m[2m(client)[22m[39m [2m[console.warn] [22mPlaceholders are deprecated due to accessibility issues. Please use help text instead. See the docs for details: https://react-spectrum.adobe.com/react-spectrum/SearchField.html#help-text
[2m12:17:30 am[22m [33m[1m[vite][22m[39m [33m[2m(client)[22m[39m [2m[console.warn] [22mPlaceholders are deprecated due to accessibility issues. Please use help text instead. See the docs for details: https://react-spectrum.adobe.com/react-spectrum/SearchField.html#help-text
[2m12:17:30 am[22m [33m[1m[vite][22m[39m [33m[2m(client)[22m[39m [2m[console.warn] [22mPlaceholders are deprecated due to accessibility issues. Please use help text instead. See the docs for details: https://react-spectrum.adobe.com/react-spectrum/TextField.html#help-text
[2m12:17:42 am[22m [33m[1m[vite][22m[39m [33m[2m(client)[22m[39m [2m[console.warn] [22mPlaceholders are deprecated due to accessibility issues. Please use help text instead. See the docs for details: https://react-spectrum.adobe.com/react-spectrum/SearchField.html#help-text
[2m12:17:42 am[22m [33m[1m[vite][22m[39m [33m[2m(client)[22m[39m [2m[console.warn] [22mPlaceholders are deprecated due to accessibility issues. Please use help text instead. See the docs for details: https://react-spectrum.adobe.com/react-spectrum/SearchField.html#help-text
[2m12:17:42 am[22m [33m[1m[vite][22m[39m [33m[2m(client)[22m[39m [2m[console.warn] [22mPlaceholders are deprecated due to accessibility issues. Please use help text instead. See the docs for details: https://react-spectrum.adobe.com/react-spectrum/TextField.html#help-text
[2m12:17:45 am[22m [33m[1m[vite][22m[39m [33m[2m(client)[22m[39m [2m[console.warn] [22mPlaceholders are deprecated due to accessibility issues. Please use help text instead. See the docs for details: https://react-spectrum.adobe.com/react-spectrum/SearchField.html#help-text
[2m12:17:45 am[22m [33m[1m[vite][22m[39m [33m[2m(client)[22m[39m [2m[console.warn] [22mPlaceholders are deprecated due to accessibility issues. Please use help text instead. See the docs for details: https://react-spectrum.adobe.com/react-spectrum/SearchField.html#help-text
[2m12:17:45 am[22m [33m[1m[vite][22m[39m [33m[2m(client)[22m[39m [2m[console.warn] [22mPlaceholders are deprecated due to accessibility issues. Please use help text instead. See the docs for details: https://react-spectrum.adobe.com/react-spectrum/TextField.html#help-text
[2m12:18:26 am[22m [33m[1m[vite][22m[39m [33m[2m(client)[22m[39m [2m[console.warn] [22mPlaceholders are deprecated due to accessibility issues. Please use help text instead. See the docs for details: https://react-spectrum.adobe.com/react-spectrum/TextField.html#help-text
[2m12:25:53 am[22m [33m[1m[vite][22m[39m [33m[2m(client)[22m[39m [2m[console.warn] [22mPlaceholders are deprecated due to accessibility issues. Please use help text instead. See the docs for details: https://react-spectrum.adobe.com/react-spectrum/SearchField.html#help-text
[2m12:25:53 am[22m [33m[1m[vite][22m[39m [33m[2m(client)[22m[39m [2m[console.warn] [22mPlaceholders are deprecated due to accessibility issues. Please use help text instead. See the docs for details: https://react-spectrum.adobe.com/react-spectrum/SearchField.html#help-text
[2m12:25:53 am[22m [33m[1m[vite][22m[39m [33m[2m(client)[22m[39m [2m[console.warn] [22mPlaceholders are deprecated due to accessibility issues. Please use help text instead. See the docs for details: https://react-spectrum.adobe.com/react-spectrum/TextField.html#help-text
[2m12:26:04 am[22m [33m[1m[vite][22m[39m [33m[2m(client)[22m[39m [2m[console.warn] [22mPlaceholders are deprecated due to accessibility issues. Please use help text instead. See the docs for details: https://react-spectrum.adobe.com/react-spectrum/SearchField.html#help-text
[2m12:26:04 am[22m [33m[1m[vite][22m[39m [33m[2m(client)[22m[39m [2m[console.warn] [22mPlaceholders are deprecated due to accessibility issues. Please use help text instead. See the docs for details: https://react-spectrum.adobe.com/react-spectrum/SearchField.html#help-text
[2m12:26:04 am[22m [33m[1m[vite][22m[39m [33m[2m(client)[22m[39m [2m[console.warn] [22mPlaceholders are deprecated due to accessibility issues. Please use help text instead. See the docs for details: https://react-spectrum.adobe.com/react-spectrum/TextField.html#help-text
[2m12:26:08 am[22m [33m[1m[vite][22m[39m [33m[2m(client)[22m[39m [2m[console.warn] [22mPlaceholders are deprecated due to accessibility issues. Please use help text instead. See the docs for details: https://react-spectrum.adobe.com/react-spectrum/TextField.html#help-text
[2m12:27:50 am[22m [33m[1m[vite][22m[39m [33m[2m(client)[22m[39m [2m[console.warn] [22mPlaceholders are deprecated due to accessibility issues. Please use help text instead. See the docs for details: https://react-spectrum.adobe.com/react-spectrum/SearchField.html#help-text
[2m12:27:50 am[22m [33m[1m[vite][22m[39m [33m[2m(client)[22m[39m [2m[console.warn] [22mPlaceholders are deprecated due to accessibility issues. Please use help text instead. See the docs for details: https://react-spectrum.adobe.com/react-spectrum/SearchField.html#help-text
[2m12:27:50 am[22m [33m[1m[vite][22m[39m [33m[2m(client)[22m[39m [2m[console.warn] [22mPlaceholders are deprecated due to accessibility issues. Please use help text instead. See the docs for details: https://react-spectrum.adobe.com/react-spectrum/TextField.html#help-text
[2m12:28:08 am[22m [33m[1m[vite][22m[39m [33m[2m(client)[22m[39m [2m[console.warn] [22mPlaceholders are deprecated due to accessibility issues. Please use help text instead. See the docs for details: https://react-spectrum.adobe.com/react-spectrum/SearchField.html#help-text
[2m12:28:08 am[22m [33m[1m[vite][22m[39m [33m[2m(client)[22m[39m [2m[console.warn] [22mPlaceholders are deprecated due to accessibility issues. Please use help text instead. See the docs for details: https://react-spectrum.adobe.com/react-spectrum/SearchField.html#help-text
[2m12:28:08 am[22m [33m[1m[vite][22m[39m [33m[2m(client)[22m[39m [2m[console.warn] [22mPlaceholders are deprecated due to accessibility issues. Please use help text instead. See the docs for details: https://react-spectrum.adobe.com/react-spectrum/TextField.html#help-text
[2m12:29:53 am[22m [33m[1m[vite][22m[39m [33m[2m(client)[22m[39m [2m[console.warn] [22mPlaceholders are deprecated due to accessibility issues. Please use help text instead. See the docs for details: https://react-spectrum.adobe.com/react-spectrum/TextField.html#help-text
[2m12:29:53 am[22m [33m[1m[vite][22m[39m [33m[2m(client)[22m[39m [2m[console.warn] [22mPlaceholders are deprecated due to accessibility issues. Please use help text instead. See the docs for details: https://react-spectrum.adobe.com/react-spectrum/TextArea.html#help-text
[2m12:29:55 am[22m [33m[1m[vite][22m[39m [33m[2m(client)[22m[39m [2m[console.warn] [22mPlaceholders are deprecated due to accessibility issues. Please use help text instead. See the docs for details: https://react-spectrum.adobe.com/react-spectrum/TextField.html#help-text
[2m12:30:02 am[22m [33m[1m[vite][22m[39m [33m[2m(client)[22m[39m [2m[console.warn] [22mPlaceholders are deprecated due to accessibility issues. Please use help text instead. See the docs for details: https://react-spectrum.adobe.com/react-spectrum/TextField.html#help-text
[2m12:30:02 am[22m [33m[1m[vite][22m[39m [33m[2m(client)[22m[39m [2m[console.warn] [22mPlaceholders are deprecated due to accessibility issues. Please use help text instead. See the docs for details: https://react-spectrum.adobe.com/react-spectrum/TextArea.html#help-text
[2m12:30:03 am[22m [33m[1m[vite][22m[39m [33m[2m(client)[22m[39m [2m[console.warn] [22mPlaceholders are deprecated due to accessibility issues. Please use help text instead. See the docs for details: https://react-spectrum.adobe.com/react-spectrum/TextField.html#help-text
[2m12:30:14 am[22m [33m[1m[vite][22m[39m [33m[2m(client)[22m[39m [2m[console.warn] [22mPlaceholders are deprecated due to accessibility issues. Please use help text instead. See the docs for details: https://react-spectrum.adobe.com/react-spectrum/TextField.html#help-text
[2m12:35:45 am[22m [33m[1m[vite][22m[39m [33m[2m(client)[22m[39m [2m[console.warn] [22mPlaceholders are deprecated due to accessibility issues. Please use help text instead. See the docs for details: https://react-spectrum.adobe.com/react-spectrum/TextField.html#help-text
[2m12:35:59 am[22m [33m[1m[vite][22m[39m [33m[2m(client)[22m[39m [2m[console.warn] [22mPlaceholders are deprecated due to accessibility issues. Please use help text instead. See the docs for details: https://react-spectrum.adobe.com/react-spectrum/TextField.html#help-text
[2m12:36:47 am[22m [31m[1m[vite][22m[39m [31mInternal server error: Transform failed with 1 error:

[31m[PARSE_ERROR] Error:[0m Unexpected token. Did you mean `{'}'}` or `&rbrace;`?
     [38;5;246m╭[0m[38;5;246m─[0m[38;5;246m[[0m src/pages/LandingPage.tsx:121:1 [38;5;246m][0m
     [38;5;246m│[0m
 [38;5;246m121 │[0m [38;5;249m}[0m
 [38;5;240m    │[0m │ 
 [38;5;240m    │[0m ╰─ 
[38;5;246m─────╯[0m
[39m
  Plugin: [35mvite:oxc[39m
  File: [36mC:/youTubeSummarizer/youtube_summarizer/frontend/src/pages/LandingPage.tsx[39m
      at transformWithOxc (file:///C:/youTubeSummarizer/youtube_summarizer/frontend/node_modules/vite/dist/node/chunks/node.js:3720:19)
      at TransformPluginContext.transform (file:///C:/youTubeSummarizer/youtube_summarizer/frontend/node_modules/vite/dist/node/chunks/node.js:3788:26)
      at EnvironmentPluginContainer.transform (file:///C:/youTubeSummarizer/youtube_summarizer/frontend/node_modules/vite/dist/node/chunks/node.js:30048:51)
      at async loadAndTransform (file:///C:/youTubeSummarizer/youtube_summarizer/frontend/node_modules/vite/dist/node/chunks/node.js:24177:26)
      at async viteTransformMiddleware (file:///C:/youTubeSummarizer/youtube_summarizer/frontend/node_modules/vite/dist/node/chunks/node.js:24986:20)
[2m12:36:47 am[22m [31m[1m[vite][22m[39m [31m[2m(client)[22m[39m [2m[console.error] [22m[vite] Failed to reload /src/pages/LandingPage.tsx. This could be due to syntax errors or importing non-existent modules. (see errors above)
[2m12:36:57 am[22m [33m[1m[vite][22m[39m [33m[2m(client)[22m[39m [2m[console.warn] [22mPlaceholders are deprecated due to accessibility issues. Please use help text instead. See the docs for details: https://react-spectrum.adobe.com/react-spectrum/TextField.html#help-text
[2m12:37:04 am[22m [31m[1m[vite][22m[39m [31mInternal server error: Transform failed with 1 error:

[31m[PARSE_ERROR] Error:[0m Expected corresponding JSX closing tag for 'section'.
     [38;5;246m╭[0m[38;5;246m─[0m[38;5;246m[[0m src/pages/LandingPage.tsx:210:7 [38;5;246m][0m
     [38;5;246m│[0m
 [38;5;246m126 │[0m [38;5;249m [0m[38;5;249m [0m[38;5;249m [0m[38;5;249m [0m[38;5;249m<[0msection[38;5;249m [0m[38;5;249mi[0m[38;5;249md[0m[38;5;249m=[0m[38;5;249m"[0m[38;5;249md[0m[38;5;249me[0m[38;5;249mm[0m[38;5;249mo[0m[38;5;249m"[0m[38;5;249m [0m[38;5;249mc[0m[38;5;249ml[0m[38;5;249ma[0m[38;5;249ms[0m[38;5;249ms[0m[38;5;249mN[0m[38;5;249ma[0m[38;5;249mm[0m[38;5;249me[0m[38;5;249m=[0m[38;5;249m{[0m[38;5;249ms[0m[38;5;249mt[0m[38;5;249my[0m[38;5;249ml[0m[38;5;249me[0m[38;5;249ms[0m[38;5;249m.[0m[38;5;249ms[0m[38;5;249me[0m[38;5;249mc[0m[38;5;249mt[0m[38;5;249mi[0m[38;5;249mo[0m[38;5;249mn[0m[38;5;249mA[0m[38;5;249mn[0m[38;5;249mc[0m[38;5;249mh[0m[38;5;249mo[0m[38;5;249mr[0m[38;5;249m}[0m[38;5;249m>[0m
 [38;5;240m    │[0m      ───┬───  
 [38;5;240m    │[0m         ╰───── Opened here
 [38;5;240m    │[0m 
 [38;5;246m210 │[0m [38;5;249m [0m[38;5;249m [0m[38;5;249m [0m[38;5;249m [0m[38;5;249m<[0m[38;5;249m/[0mView[38;5;249m>[0m
 [38;5;240m    │[0m       ──┬─  
 [38;5;240m    │[0m         ╰─── Expected `</section>`
[38;5;246m─────╯[0m
[39m
  Plugin: [35mvite:oxc[39m
  File: [36mC:/youTubeSummarizer/youtube_summarizer/frontend/src/pages/LandingPage.tsx[39m
      at transformWithOxc (file:///C:/youTubeSummarizer/youtube_summarizer/frontend/node_modules/vite/dist/node/chunks/node.js:3720:19)
      at TransformPluginContext.transform (file:///C:/youTubeSummarizer/youtube_summarizer/frontend/node_modules/vite/dist/node/chunks/node.js:3788:26)
      at EnvironmentPluginContainer.transform (file:///C:/youTubeSummarizer/youtube_summarizer/frontend/node_modules/vite/dist/node/chunks/node.js:30048:51)
      at async loadAndTransform (file:///C:/youTubeSummarizer/youtube_summarizer/frontend/node_modules/vite/dist/node/chunks/node.js:24177:26)
      at async viteTransformMiddleware (file:///C:/youTubeSummarizer/youtube_summarizer/frontend/node_modules/vite/dist/node/chunks/node.js:24986:20)
[2m12:37:04 am[22m [31m[1m[vite][22m[39m [31m[2m(client)[22m[39m [2m[console.error] [22m[vite] Failed to reload /src/pages/LandingPage.tsx. This could be due to syntax errors or importing non-existent modules. (see errors above)
[2m12:37:27 am[22m [31m[1m[vite][22m[39m [31mInternal server error: Transform failed with 1 error:

[31m[PARSE_ERROR] Error:[0m Expected corresponding JSX closing tag for 'section'.
     [38;5;246m╭[0m[38;5;246m─[0m[38;5;246m[[0m src/pages/LandingPage.tsx:260:7 [38;5;246m][0m
     [38;5;246m│[0m
 [38;5;246m229 │[0m [38;5;249m [0m[38;5;249m [0m[38;5;249m [0m[38;5;249m [0m[38;5;249m<[0msection[38;5;249m [0m[38;5;249mi[0m[38;5;249md[0m[38;5;249m=[0m[38;5;249m"[0m[38;5;249mf[0m[38;5;249me[0m[38;5;249ma[0m[38;5;249mt[0m[38;5;249mu[0m[38;5;249mr[0m[38;5;249me[0m[38;5;249ms[0m[38;5;249m"[0m[38;5;249m [0m[38;5;249mc[0m[38;5;249ml[0m[38;5;249ma[0m[38;5;249ms[0m[38;5;249ms[0m[38;5;249mN[0m[38;5;249ma[0m[38;5;249mm[0m[38;5;249me[0m[38;5;249m=[0m[38;5;249m{[0m[38;5;249ms[0m[38;5;249mt[0m[38;5;249my[0m[38;5;249ml[0m[38;5;249me[0m[38;5;249ms[0m[38;5;249m.[0m[38;5;249ms[0m[38;5;249me[0m[38;5;249mc[0m[38;5;249mt[0m[38;5;249mi[0m[38;5;249mo[0m[38;5;249mn[0m[38;5;249mA[0m[38;5;249mn[0m[38;5;249mc[0m[38;5;249mh[0m[38;5;249mo[0m[38;5;249mr[0m[38;5;249m}[0m[38;5;249m>[0m
 [38;5;240m    │[0m      ───┬───  
 [38;5;240m    │[0m         ╰───── Opened here
 [38;5;240m    │[0m 
 [38;5;246m260 │[0m [38;5;249m [0m[38;5;249m [0m[38;5;249m [0m[38;5;249m [0m[38;5;249m<[0m[38;5;249m/[0mView[38;5;249m>[0m
 [38;5;240m    │[0m       ──┬─  
 [38;5;240m    │[0m         ╰─── Expected `</section>`
[38;5;246m─────╯[0m
[39m
  Plugin: [35mvite:oxc[39m
  File: [36mC:/youTubeSummarizer/youtube_summarizer/frontend/src/pages/LandingPage.tsx[39m
      at transformWithOxc (file:///C:/youTubeSummarizer/youtube_summarizer/frontend/node_modules/vite/dist/node/chunks/node.js:3720:19)
      at TransformPluginContext.transform (file:///C:/youTubeSummarizer/youtube_summarizer/frontend/node_modules/vite/dist/node/chunks/node.js:3788:26)
      at EnvironmentPluginContainer.transform (file:///C:/youTubeSummarizer/youtube_summarizer/frontend/node_modules/vite/dist/node/chunks/node.js:30048:51)
      at async loadAndTransform (file:///C:/youTubeSummarizer/youtube_summarizer/frontend/node_modules/vite/dist/node/chunks/node.js:24177:26)
      at async viteTransformMiddleware (file:///C:/youTubeSummarizer/youtube_summarizer/frontend/node_modules/vite/dist/node/chunks/node.js:24986:20)
[2m12:37:27 am[22m [31m[1m[vite][22m[39m [31m[2m(client)[22m[39m [2m[console.error] [22m[vite] Failed to reload /src/pages/LandingPage.tsx. This could be due to syntax errors or importing non-existent modules. (see errors above)
[2m12:37:48 am[22m [31m[1m[vite][22m[39m [31mInternal server error: Transform failed with 1 error:

[31m[PARSE_ERROR] Error:[0m Expected corresponding JSX closing tag for 'section'.
     [38;5;246m╭[0m[38;5;246m─[0m[38;5;246m[[0m src/pages/LandingPage.tsx:373:7 [38;5;246m][0m
     [38;5;246m│[0m
 [38;5;246m317 │[0m [38;5;249m [0m[38;5;249m [0m[38;5;249m [0m[38;5;249m [0m[38;5;249m<[0msection[38;5;249m [0m[38;5;249mi[0m[38;5;249md[0m[38;5;249m=[0m[38;5;249m"[0m[38;5;249mp[0m[38;5;249mr[0m[38;5;249mi[0m[38;5;249mc[0m[38;5;249mi[0m[38;5;249mn[0m[38;5;249mg[0m[38;5;249m"[0m[38;5;249m [0m[38;5;249mc[0m[38;5;249ml[0m[38;5;249ma[0m[38;5;249ms[0m[38;5;249ms[0m[38;5;249mN[0m[38;5;249ma[0m[38;5;249mm[0m[38;5;249me[0m[38;5;249m=[0m[38;5;249m{[0m[38;5;249ms[0m[38;5;249mt[0m[38;5;249my[0m[38;5;249ml[0m[38;5;249me[0m[38;5;249ms[0m[38;5;249m.[0m[38;5;249ms[0m[38;5;249me[0m[38;5;249mc[0m[38;5;249mt[0m[38;5;249mi[0m[38;5;249mo[0m[38;5;249mn[0m[38;5;249mA[0m[38;5;249mn[0m[38;5;249mc[0m[38;5;249mh[0m[38;5;249mo[0m[38;5;249mr[0m[38;5;249m}[0m[38;5;249m>[0m
 [38;5;240m    │[0m      ───┬───  
 [38;5;240m    │[0m         ╰───── Opened here
 [38;5;240m    │[0m 
 [38;5;246m373 │[0m [38;5;249m [0m[38;5;249m [0m[38;5;249m [0m[38;5;249m [0m[38;5;249m<[0m[38;5;249m/[0mView[38;5;249m>[0m
 [38;5;240m    │[0m       ──┬─  
 [38;5;240m    │[0m         ╰─── Expected `</section>`
[38;5;246m─────╯[0m
[39m
  Plugin: [35mvite:oxc[39m
  File: [36mC:/youTubeSummarizer/youtube_summarizer/frontend/src/pages/LandingPage.tsx[39m
      at transformWithOxc (file:///C:/youTubeSummarizer/youtube_summarizer/frontend/node_modules/vite/dist/node/chunks/node.js:3720:19)
      at TransformPluginContext.transform (file:///C:/youTubeSummarizer/youtube_summarizer/frontend/node_modules/vite/dist/node/chunks/node.js:3788:26)
      at EnvironmentPluginContainer.transform (file:///C:/youTubeSummarizer/youtube_summarizer/frontend/node_modules/vite/dist/node/chunks/node.js:30048:51)
      at async loadAndTransform (file:///C:/youTubeSummarizer/youtube_summarizer/frontend/node_modules/vite/dist/node/chunks/node.js:24177:26)
      at async viteTransformMiddleware (file:///C:/youTubeSummarizer/youtube_summarizer/frontend/node_modules/vite/dist/node/chunks/node.js:24986:20)
[2m12:37:48 am[22m [31m[1m[vite][22m[39m [31m[2m(client)[22m[39m [2m[console.error] [22m[vite] Failed to reload /src/pages/LandingPage.tsx. This could be due to syntax errors or importing non-existent modules. (see errors above)
[2m12:38:12 am[22m [31m[1m[vite][22m[39m [31mInternal server error: Transform failed with 1 error:

[31m[PARSE_ERROR] Error:[0m Expected corresponding JSX closing tag for 'footer'.
     [38;5;246m╭[0m[38;5;246m─[0m[38;5;246m[[0m src/pages/LandingPage.tsx:431:7 [38;5;246m][0m
     [38;5;246m│[0m
 [38;5;246m406 │[0m [38;5;249m [0m[38;5;249m [0m[38;5;249m [0m[38;5;249m [0m[38;5;249m<[0mfooter[38;5;249m [0m[38;5;249mc[0m[38;5;249ml[0m[38;5;249ma[0m[38;5;249ms[0m[38;5;249ms[0m[38;5;249mN[0m[38;5;249ma[0m[38;5;249mm[0m[38;5;249me[0m[38;5;249m=[0m[38;5;249m{[0m[38;5;249ms[0m[38;5;249mt[0m[38;5;249my[0m[38;5;249ml[0m[38;5;249me[0m[38;5;249ms[0m[38;5;249m.[0m[38;5;249mp[0m[38;5;249ma[0m[38;5;249mg[0m[38;5;249me[0m[38;5;249mG[0m[38;5;249mu[0m[38;5;249mt[0m[38;5;249mt[0m[38;5;249me[0m[38;5;249mr[0m[38;5;249m}[0m[38;5;249m>[0m
 [38;5;240m    │[0m      ───┬──  
 [38;5;240m    │[0m         ╰──── Opened here
 [38;5;240m    │[0m 
 [38;5;246m431 │[0m [38;5;249m [0m[38;5;249m [0m[38;5;249m [0m[38;5;249m [0m[38;5;249m<[0m[38;5;249m/[0mView[38;5;249m>[0m
 [38;5;240m    │[0m       ──┬─  
 [38;5;240m    │[0m         ╰─── Expected `</footer>`
[38;5;246m─────╯[0m
[39m
  Plugin: [35mvite:oxc[39m
  File: [36mC:/youTubeSummarizer/youtube_summarizer/frontend/src/pages/LandingPage.tsx[39m
      at transformWithOxc (file:///C:/youTubeSummarizer/youtube_summarizer/frontend/node_modules/vite/dist/node/chunks/node.js:3720:19)
      at TransformPluginContext.transform (file:///C:/youTubeSummarizer/youtube_summarizer/frontend/node_modules/vite/dist/node/chunks/node.js:3788:26)
      at EnvironmentPluginContainer.transform (file:///C:/youTubeSummarizer/youtube_summarizer/frontend/node_modules/vite/dist/node/chunks/node.js:30048:51)
      at async loadAndTransform (file:///C:/youTubeSummarizer/youtube_summarizer/frontend/node_modules/vite/dist/node/chunks/node.js:24177:26)
      at async viteTransformMiddleware (file:///C:/youTubeSummarizer/youtube_summarizer/frontend/node_modules/vite/dist/node/chunks/node.js:24986:20)
[2m12:38:12 am[22m [31m[1m[vite][22m[39m [31m[2m(client)[22m[39m [2m[console.error] [22m[vite] Failed to reload /src/pages/LandingPage.tsx. This could be due to syntax errors or importing non-existent modules. (see errors above)
[2m12:38:37 am[22m [33m[1m[vite][22m[39m [33m[2m(client)[22m[39m [2m[console.warn] [22mPlaceholders are deprecated due to accessibility issues. Please use help text instead. See the docs for details: https://react-spectrum.adobe.com/react-spectrum/TextField.html#help-text
[2m12:46:49 am[22m [33m[1m[vite][22m[39m [33m[2m(client)[22m[39m [2m[console.warn] [22mPlaceholders are deprecated due to accessibility issues. Please use help text instead. See the docs for details: https://react-spectrum.adobe.com/react-spectrum/TextField.html#help-text
[2m12:59:44 am[22m [33m[1m[vite][22m[39m [33m[2m(client)[22m[39m [2m[console.warn] [22mPlaceholders are deprecated due to accessibility issues. Please use help text instead. See the docs for details: https://react-spectrum.adobe.com/react-spectrum/TextField.html#help-text
[2m12:59:55 am[22m [33m[1m[vite][22m[39m [33m[2m(client)[22m[39m [2m[console.warn] [22mPlaceholders are deprecated due to accessibility issues. Please use help text instead. See the docs for details: https://react-spectrum.adobe.com/react-spectrum/TextField.html#help-text
[2m12:59:57 am[22m [33m[1m[vite][22m[39m [33m[2m(client)[22m[39m [2m[console.warn] [22mPlaceholders are deprecated due to accessibility issues. Please use help text instead. See the docs for details: https://react-spectrum.adobe.com/react-spectrum/TextField.html#help-text
[2m12:59:59 am[22m [33m[1m[vite][22m[39m [33m[2m(client)[22m[39m [2m[console.warn] [22mPlaceholders are deprecated due to accessibility issues. Please use help text instead. See the docs for details: https://react-spectrum.adobe.com/react-spectrum/SearchField.html#help-text
[2m12:59:59 am[22m [33m[1m[vite][22m[39m [33m[2m(client)[22m[39m [2m[console.warn] [22mPlaceholders are deprecated due to accessibility issues. Please use help text instead. See the docs for details: https://react-spectrum.adobe.com/react-spectrum/SearchField.html#help-text
[2m12:59:59 am[22m [33m[1m[vite][22m[39m [33m[2m(client)[22m[39m [2m[console.warn] [22mPlaceholders are deprecated due to accessibility issues. Please use help text instead. See the docs for details: https://react-spectrum.adobe.com/react-spectrum/TextField.html#help-text
[2m1:04:59 am[22m [33m[1m[vite][22m[39m [33m[2m(client)[22m[39m [2m[console.warn] [22mPlaceholders are deprecated due to accessibility issues. Please use help text instead. See the docs for details: https://react-spectrum.adobe.com/react-spectrum/SearchField.html#help-text
[2m1:04:59 am[22m [33m[1m[vite][22m[39m [33m[2m(client)[22m[39m [2m[console.warn] [22mPlaceholders are deprecated due to accessibility issues. Please use help text instead. See the docs for details: https://react-spectrum.adobe.com/react-spectrum/SearchField.html#help-text
[2m1:04:59 am[22m [33m[1m[vite][22m[39m [33m[2m(client)[22m[39m [2m[console.warn] [22mPlaceholders are deprecated due to accessibility issues. Please use help text instead. See the docs for details: https://react-spectrum.adobe.com/react-spectrum/TextField.html#help-text
[2m1:11:09 am[22m [33m[1m[vite][22m[39m [33m[2m(client)[22m[39m [2m[console.warn] [22mPlaceholders are deprecated due to accessibility issues. Please use help text instead. See the docs for details: https://react-spectrum.adobe.com/react-spectrum/SearchField.html#help-text
[2m1:11:09 am[22m [33m[1m[vite][22m[39m [33m[2m(client)[22m[39m [2m[console.warn] [22mPlaceholders are deprecated due to accessibility issues. Please use help text instead. See the docs for details: https://react-spectrum.adobe.com/react-spectrum/SearchField.html#help-text
[2m1:11:09 am[22m [33m[1m[vite][22m[39m [33m[2m(client)[22m[39m [2m[console.warn] [22mPlaceholders are deprecated due to accessibility issues. Please use help text instead. See the docs for details: https://react-spectrum.adobe.com/react-spectrum/TextField.html#help-text
[2m1:12:42 am[22m [33m[1m[vite][22m[39m [33m[2m(client)[22m[39m [2m[console.warn] [22mPlaceholders are deprecated due to accessibility issues. Please use help text instead. See the docs for details: https://react-spectrum.adobe.com/react-spectrum/SearchField.html#help-text
[2m1:12:42 am[22m [33m[1m[vite][22m[39m [33m[2m(client)[22m[39m [2m[console.warn] [22mPlaceholders are deprecated due to accessibility issues. Please use help text instead. See the docs for details: https://react-spectrum.adobe.com/react-spectrum/SearchField.html#help-text
[2m1:12:42 am[22m [33m[1m[vite][22m[39m [33m[2m(client)[22m[39m [2m[console.warn] [22mPlaceholders are deprecated due to accessibility issues. Please use help text instead. See the docs for details: https://react-spectrum.adobe.com/react-spectrum/TextField.html#help-text
[2m1:12:47 am[22m [33m[1m[vite][22m[39m [33m[2m(client)[22m[39m [2m[console.warn] [22mPlaceholders are deprecated due to accessibility issues. Please use help text instead. See the docs for details: https://react-spectrum.adobe.com/react-spectrum/TextField.html#help-text
[2m1:16:18 am[22m [33m[1m[vite][22m[39m [33m[2m(client)[22m[39m [2m[console.warn] [22mPlaceholders are deprecated due to accessibility issues. Please use help text instead. See the docs for details: https://react-spectrum.adobe.com/react-spectrum/TextField.html#help-text
[2m1:18:30 am[22m [33m[1m[vite][22m[39m [33m[2m(client)[22m[39m [2m[console.warn] [22mPlaceholders are deprecated due to accessibility issues. Please use help text instead. See the docs for details: https://react-spectrum.adobe.com/react-spectrum/SearchField.html#help-text
[2m1:18:30 am[22m [33m[1m[vite][22m[39m [33m[2m(client)[22m[39m [2m[console.warn] [22mPlaceholders are deprecated due to accessibility issues. Please use help text instead. See the docs for details: https://react-spectrum.adobe.com/react-spectrum/SearchField.html#help-text
[2m1:18:30 am[22m [33m[1m[vite][22m[39m [33m[2m(client)[22m[39m [2m[console.warn] [22mPlaceholders are deprecated due to accessibility issues. Please use help text instead. See the docs for details: https://react-spectrum.adobe.com/react-spectrum/TextField.html#help-text
[2m1:19:26 am[22m [33m[1m[vite][22m[39m [33m[2m(client)[22m[39m [2m[console.warn] [22mPlaceholders are deprecated due to accessibility issues. Please use help text instead. See the docs for details: https://react-spectrum.adobe.com/react-spectrum/SearchField.html#help-text
[2m1:19:26 am[22m [33m[1m[vite][22m[39m [33m[2m(client)[22m[39m [2m[console.warn] [22mPlaceholders are deprecated due to accessibility issues. Please use help text instead. See the docs for details: https://react-spectrum.adobe.com/react-spectrum/SearchField.html#help-text
[2m1:19:26 am[22m [33m[1m[vite][22m[39m [33m[2m(client)[22m[39m [2m[console.warn] [22mPlaceholders are deprecated due to accessibility issues. Please use help text instead. See the docs for details: https://react-spectrum.adobe.com/react-spectrum/TextField.html#help-text
[2m1:20:50 am[22m [33m[1m[vite][22m[39m [33m[2m(client)[22m[39m [2m[console.warn] [22mPlaceholders are deprecated due to accessibility issues. Please use help text instead. See the docs for details: https://react-spectrum.adobe.com/react-spectrum/SearchField.html#help-text
[2m1:20:50 am[22m [33m[1m[vite][22m[39m [33m[2m(client)[22m[39m [2m[console.warn] [22mPlaceholders are deprecated due to accessibility issues. Please use help text instead. See the docs for details: https://react-spectrum.adobe.com/react-spectrum/SearchField.html#help-text
[2m1:20:50 am[22m [33m[1m[vite][22m[39m [33m[2m(client)[22m[39m [2m[console.warn] [22mPlaceholders are deprecated due to accessibility issues. Please use help text instead. See the docs for details: https://react-spectrum.adobe.com/react-spectrum/TextField.html#help-text
[2m1:20:53 am[22m [33m[1m[vite][22m[39m [33m[2m(client)[22m[39m [2m[console.warn] [22mPlaceholders are deprecated due to accessibility issues. Please use help text instead. See the docs for details: https://react-spectrum.adobe.com/react-spectrum/TextField.html#help-text
[2m1:20:59 am[22m [33m[1m[vite][22m[39m [33m[2m(client)[22m[39m [2m[console.warn] [22mPlaceholders are deprecated due to accessibility issues. Please use help text instead. See the docs for details: https://react-spectrum.adobe.com/react-spectrum/SearchField.html#help-text
[2m1:20:59 am[22m [33m[1m[vite][22m[39m [33m[2m(client)[22m[39m [2m[console.warn] [22mPlaceholders are deprecated due to accessibility issues. Please use help text instead. See the docs for details: https://react-spectrum.adobe.com/react-spectrum/SearchField.html#help-text
[2m1:20:59 am[22m [33m[1m[vite][22m[39m [33m[2m(client)[22m[39m [2m[console.warn] [22mPlaceholders are deprecated due to accessibility issues. Please use help text instead. See the docs for details: https://react-spectrum.adobe.com/react-spectrum/TextField.html#help-text
[2m1:21:10 am[22m [33m[1m[vite][22m[39m [33m[2m(client)[22m[39m [2m[console.warn] [22mPlaceholders are deprecated due to accessibility issues. Please use help text instead. See the docs for details: https://react-spectrum.adobe.com/react-spectrum/SearchField.html#help-text
[2m1:21:10 am[22m [33m[1m[vite][22m[39m [33m[2m(client)[22m[39m [2m[console.warn] [22mPlaceholders are deprecated due to accessibility issues. Please use help text instead. See the docs for details: https://react-spectrum.adobe.com/react-spectrum/SearchField.html#help-text
[2m1:21:10 am[22m [33m[1m[vite][22m[39m [33m[2m(client)[22m[39m [2m[console.warn] [22mPlaceholders are deprecated due to accessibility issues. Please use help text instead. See the docs for details: https://react-spectrum.adobe.com/react-spectrum/TextField.html#help-text
[2m1:31:33 am[22m [33m[1m[vite][22m[39m [33m[2m(client)[22m[39m [2m[console.warn] [22mPlaceholders are deprecated due to accessibility issues. Please use help text instead. See the docs for details: https://react-spectrum.adobe.com/react-spectrum/SearchField.html#help-text
[2m1:31:33 am[22m [33m[1m[vite][22m[39m [33m[2m(client)[22m[39m [2m[console.warn] [22mPlaceholders are deprecated due to accessibility issues. Please use help text instead. See the docs for details: https://react-spectrum.adobe.com/react-spectrum/SearchField.html#help-text
[2m1:31:33 am[22m [33m[1m[vite][22m[39m [33m[2m(client)[22m[39m [2m[console.warn] [22mPlaceholders are deprecated due to accessibility issues. Please use help text instead. See the docs for details: https://react-spectrum.adobe.com/react-spectrum/TextField.html#help-text
[2m1:31:53 am[22m [33m[1m[vite][22m[39m [33m[2m(client)[22m[39m [2m[console.warn] [22mPlaceholders are deprecated due to accessibility issues. Please use help text instead. See the docs for details: https://react-spectrum.adobe.com/react-spectrum/TextField.html#help-text
[2m1:35:16 am[22m [33m[1m[vite][22m[39m [33m[2m(client)[22m[39m [2m[console.warn] [22mPlaceholders are deprecated due to accessibility issues. Please use help text instead. See the docs for details: https://react-spectrum.adobe.com/react-spectrum/SearchField.html#help-text
[2m1:35:16 am[22m [33m[1m[vite][22m[39m [33m[2m(client)[22m[39m [2m[console.warn] [22mPlaceholders are deprecated due to accessibility issues. Please use help text instead. See the docs for details: https://react-spectrum.adobe.com/react-spectrum/SearchField.html#help-text
[2m1:35:16 am[22m [33m[1m[vite][22m[39m [33m[2m(client)[22m[39m [2m[console.warn] [22mPlaceholders are deprecated due to accessibility issues. Please use help text instead. See the docs for details: https://react-spectrum.adobe.com/react-spectrum/TextField.html#help-text
[2m1:36:49 am[22m [33m[1m[vite][22m[39m [33m[2m(client)[22m[39m [2m[console.warn] [22mPlaceholders are deprecated due to accessibility issues. Please use help text instead. See the docs for details: https://react-spectrum.adobe.com/react-spectrum/SearchField.html#help-text
[2m1:36:50 am[22m [33m[1m[vite][22m[39m [33m[2m(client)[22m[39m [2m[console.warn] [22mPlaceholders are deprecated due to accessibility issues. Please use help text instead. See the docs for details: https://react-spectrum.adobe.com/react-spectrum/SearchField.html#help-text
[2m1:36:50 am[22m [33m[1m[vite][22m[39m [33m[2m(client)[22m[39m [2m[console.warn] [22mPlaceholders are deprecated due to accessibility issues. Please use help text instead. See the docs for details: https://react-spectrum.adobe.com/react-spectrum/TextField.html#help-text
[2m4:14:11 am[22m [33m[1m[vite][22m[39m [33m[2m(client)[22m[39m [2m[console.warn] [22mPlaceholders are deprecated due to accessibility issues. Please use help text instead. See the docs for details: https://react-spectrum.adobe.com/react-spectrum/SearchField.html#help-text
[2m4:14:11 am[22m [33m[1m[vite][22m[39m [33m[2m(client)[22m[39m [2m[console.warn] [22mPlaceholders are deprecated due to accessibility issues. Please use help text instead. See the docs for details: https://react-spectrum.adobe.com/react-spectrum/SearchField.html#help-text
[2m4:14:11 am[22m [33m[1m[vite][22m[39m [33m[2m(client)[22m[39m [2m[console.warn] [22mPlaceholders are deprecated due to accessibility issues. Please use help text instead. See the docs for details: https://react-spectrum.adobe.com/react-spectrum/TextField.html#help-text
[2m9:12:11 am[22m [33m[1m[vite][22m[39m [33m[2m(client)[22m[39m [2m[console.warn] [22mPlaceholders are deprecated due to accessibility issues. Please use help text instead. See the docs for details: https://react-spectrum.adobe.com/react-spectrum/SearchField.html#help-text
[2m9:12:11 am[22m [33m[1m[vite][22m[39m [33m[2m(client)[22m[39m [2m[console.warn] [22mPlaceholders are deprecated due to accessibility issues. Please use help text instead. See the docs for details: https://react-spectrum.adobe.com/react-spectrum/SearchField.html#help-text
[2m9:12:11 am[22m [33m[1m[vite][22m[39m [33m[2m(client)[22m[39m [2m[console.warn] [22mPlaceholders are deprecated due to accessibility issues. Please use help text instead. See the docs for details: https://react-spectrum.adobe.com/react-spectrum/TextField.html#help-text
[2m9:12:13 am[22m [33m[1m[vite][22m[39m [33m[2m(client)[22m[39m [2m[console.warn] [22mPlaceholders are deprecated due to accessibility issues. Please use help text instead. See the docs for details: https://react-spectrum.adobe.com/react-spectrum/SearchField.html#help-text
[2m9:12:13 am[22m [33m[1m[vite][22m[39m [33m[2m(client)[22m[39m [2m[console.warn] [22mPlaceholders are deprecated due to accessibility issues. Please use help text instead. See the docs for details: https://react-spectrum.adobe.com/react-spectrum/SearchField.html#help-text
[2m9:12:13 am[22m [33m[1m[vite][22m[39m [33m[2m(client)[22m[39m [2m[console.warn] [22mPlaceholders are deprecated due to accessibility issues. Please use help text instead. See the docs for details: https://react-spectrum.adobe.com/react-spectrum/TextField.html#help-text
[2m9:22:48 am[22m [33m[1m[vite][22m[39m [33m[2m(client)[22m[39m [2m[console.warn] [22mPlaceholders are deprecated due to accessibility issues. Please use help text instead. See the docs for details: https://react-spectrum.adobe.com/react-spectrum/SearchField.html#help-text
[2m9:22:48 am[22m [33m[1m[vite][22m[39m [33m[2m(client)[22m[39m [2m[console.warn] [22mPlaceholders are deprecated due to accessibility issues. Please use help text instead. See the docs for details: https://react-spectrum.adobe.com/react-spectrum/SearchField.html#help-text
[2m9:22:48 am[22m [33m[1m[vite][22m[39m [33m[2m(client)[22m[39m [2m[console.warn] [22mPlaceholders are deprecated due to accessibility issues. Please use help text instead. See the docs for details: https://react-spectrum.adobe.com/react-spectrum/TextField.html#help-text
[2m9:23:07 am[22m [33m[1m[vite][22m[39m [33m[2m(client)[22m[39m [2m[console.warn] [22mPlaceholders are deprecated due to accessibility issues. Please use help text instead. See the docs for details: https://react-spectrum.adobe.com/react-spectrum/TextField.html#help-text
[2m9:30:39 am[22m [33m[1m[vite][22m[39m [33m[2m(client)[22m[39m [2m[console.warn] [22mPlaceholders are deprecated due to accessibility issues. Please use help text instead. See the docs for details: https://react-spectrum.adobe.com/react-spectrum/SearchField.html#help-text
[2m9:30:39 am[22m [33m[1m[vite][22m[39m [33m[2m(client)[22m[39m [2m[console.warn] [22mPlaceholders are deprecated due to accessibility issues. Please use help text instead. See the docs for details: https://react-spectrum.adobe.com/react-spectrum/SearchField.html#help-text
[2m9:31:08 am[22m [33m[1m[vite][22m[39m [33m[2m(client)[22m[39m [2m[console.warn] [22mPlaceholders are deprecated due to accessibility issues. Please use help text instead. See the docs for details: https://react-spectrum.adobe.com/react-spectrum/SearchField.html#help-text
[2m9:31:08 am[22m [33m[1m[vite][22m[39m [33m[2m(client)[22m[39m [2m[console.warn] [22mPlaceholders are deprecated due to accessibility issues. Please use help text instead. See the docs for details: https://react-spectrum.adobe.com/react-spectrum/SearchField.html#help-text
[2m9:31:31 am[22m [33m[1m[vite][22m[39m [33m[2m(client)[22m[39m [2m[console.warn] [22mPlaceholders are deprecated due to accessibility issues. Please use help text instead. See the docs for details: https://react-spectrum.adobe.com/react-spectrum/TextField.html#help-text
[2m9:35:34 am[22m [33m[1m[vite][22m[39m [33m[2m(client)[22m[39m [2m[console.warn] [22mPlaceholders are deprecated due to accessibility issues. Please use help text instead. See the docs for details: https://react-spectrum.adobe.com/react-spectrum/TextField.html#help-text
[2m9:39:33 am[22m [33m[1m[vite][22m[39m [33m[2m(client)[22m[39m [2m[console.warn] [22mPlaceholders are deprecated due to accessibility issues. Please use help text instead. See the docs for details: https://react-spectrum.adobe.com/react-spectrum/SearchField.html#help-text
[2m9:39:33 am[22m [33m[1m[vite][22m[39m [33m[2m(client)[22m[39m [2m[console.warn] [22mPlaceholders are deprecated due to accessibility issues. Please use help text instead. See the docs for details: https://react-spectrum.adobe.com/react-spectrum/SearchField.html#help-text
[2m9:39:33 am[22m [33m[1m[vite][22m[39m [33m[2m(client)[22m[39m [2m[console.warn] [22mPlaceholders are deprecated due to accessibility issues. Please use help text instead. See the docs for details: https://react-spectrum.adobe.com/react-spectrum/TextField.html#help-text
[2m9:43:13 am[22m [33m[1m[vite][22m[39m [33m[2m(client)[22m[39m [2m[console.warn] [22mPlaceholders are deprecated due to accessibility issues. Please use help text instead. See the docs for details: https://react-spectrum.adobe.com/react-spectrum/TextField.html#help-text
[2m9:43:59 am[22m [33m[1m[vite][22m[39m [33m[2m(client)[22m[39m [2m[console.warn] [22mPlaceholders are deprecated due to accessibility issues. Please use help text instead. See the docs for details: https://react-spectrum.adobe.com/react-spectrum/TextField.html#help-text
[2m9:44:04 am[22m [33m[1m[vite][22m[39m [33m[2m(client)[22m[39m [2m[console.warn] [22mPlaceholders are deprecated due to accessibility issues. Please use help text instead. See the docs for details: https://react-spectrum.adobe.com/react-spectrum/TextField.html#help-text
[2m9:49:43 am[22m [33m[1m[vite][22m[39m [33m[2m(client)[22m[39m [2m[console.warn] [22mPlaceholders are deprecated due to accessibility issues. Please use help text instead. See the docs for details: https://react-spectrum.adobe.com/react-spectrum/TextField.html#help-text
[2m10:03:25 am[22m [33m[1m[vite][22m[39m [33m[2m(client)[22m[39m [2m[console.warn] [22mPlaceholders are deprecated due to accessibility issues. Please use help text instead. See the docs for details: https://react-spectrum.adobe.com/react-spectrum/SearchField.html#help-text
[2m10:03:25 am[22m [33m[1m[vite][22m[39m [33m[2m(client)[22m[39m [2m[console.warn] [22mPlaceholders are deprecated due to accessibility issues. Please use help text instead. See the docs for details: https://react-spectrum.adobe.com/react-spectrum/SearchField.html#help-text
[2m10:03:25 am[22m [33m[1m[vite][22m[39m [33m[2m(client)[22m[39m [2m[console.warn] [22mPlaceholders are deprecated due to accessibility issues. Please use help text instead. See the docs for details: https://react-spectrum.adobe.com/react-spectrum/TextField.html#help-text
[2m10:08:00 am[22m [33m[1m[vite][22m[39m [33m[2m(client)[22m[39m [2m[console.warn] [22mPlaceholders are deprecated due to accessibility issues. Please use help text instead. See the docs for details: https://react-spectrum.adobe.com/react-spectrum/SearchField.html#help-text
[2m10:08:00 am[22m [33m[1m[vite][22m[39m [33m[2m(client)[22m[39m [2m[console.warn] [22mPlaceholders are deprecated due to accessibility issues. Please use help text instead. See the docs for details: https://react-spectrum.adobe.com/react-spectrum/SearchField.html#help-text
[2m10:08:00 am[22m [33m[1m[vite][22m[39m [33m[2m(client)[22m[39m [2m[console.warn] [22mPlaceholders are deprecated due to accessibility issues. Please use help text instead. See the docs for details: https://react-spectrum.adobe.com/react-spectrum/TextField.html#help-text
[2m10:26:46 am[22m [33m[1m[vite][22m[39m [33m[2m(client)[22m[39m [2m[console.warn] [22mPlaceholders are deprecated due to accessibility issues. Please use help text instead. See the docs for details: https://react-spectrum.adobe.com/react-spectrum/SearchField.html#help-text
[2m10:26:46 am[22m [33m[1m[vite][22m[39m [33m[2m(client)[22m[39m [2m[console.warn] [22mPlaceholders are deprecated due to accessibility issues. Please use help text instead. See the docs for details: https://react-spectrum.adobe.com/react-spectrum/SearchField.html#help-text
[2m11:22:54 am[22m [33m[1m[vite][22m[39m [33m[2m(client)[22m[39m [2m[console.warn] [22mPlaceholders are deprecated due to accessibility issues. Please use help text instead. See the docs for details: https://react-spectrum.adobe.com/react-spectrum/SearchField.html#help-text
[2m11:22:54 am[22m [33m[1m[vite][22m[39m [33m[2m(client)[22m[39m [2m[console.warn] [22mPlaceholders are deprecated due to accessibility issues. Please use help text instead. See the docs for details: https://react-spectrum.adobe.com/react-spectrum/SearchField.html#help-text
[2m11:23:14 am[22m [33m[1m[vite][22m[39m [33m[2m(client)[22m[39m [2m[console.warn] [22mPlaceholders are deprecated due to accessibility issues. Please use help text instead. See the docs for details: https://react-spectrum.adobe.com/react-spectrum/SearchField.html#help-text
[2m11:23:14 am[22m [33m[1m[vite][22m[39m [33m[2m(client)[22m[39m [2m[console.warn] [22mPlaceholders are deprecated due to accessibility issues. Please use help text instead. See the docs for details: https://react-spectrum.adobe.com/react-spectrum/SearchField.html#help-text
[2m11:24:46 am[22m [33m[1m[vite][22m[39m [33m[2m(client)[22m[39m [2m[console.warn] [22mPlaceholders are deprecated due to accessibility issues. Please use help text instead. See the docs for details: https://react-spectrum.adobe.com/react-spectrum/SearchField.html#help-text
[2m11:24:46 am[22m [33m[1m[vite][22m[39m [33m[2m(client)[22m[39m [2m[console.warn] [22mPlaceholders are deprecated due to accessibility issues. Please use help text instead. See the docs for details: https://react-spectrum.adobe.com/react-spectrum/SearchField.html#help-text
[2m11:26:41 am[22m [33m[1m[vite][22m[39m [33m[2m(client)[22m[39m [2m[console.warn] [22mPlaceholders are deprecated due to accessibility issues. Please use help text instead. See the docs for details: https://react-spectrum.adobe.com/react-spectrum/SearchField.html#help-text
[2m11:26:41 am[22m [33m[1m[vite][22m[39m [33m[2m(client)[22m[39m [2m[console.warn] [22mPlaceholders are deprecated due to accessibility issues. Please use help text instead. See the docs for details: https://react-spectrum.adobe.com/react-spectrum/SearchField.html#help-text
[2m11:27:39 am[22m [33m[1m[vite][22m[39m [33m[2m(client)[22m[39m [2m[console.warn] [22mPlaceholders are deprecated due to accessibility issues. Please use help text instead. See the docs for details: https://react-spectrum.adobe.com/react-spectrum/TextField.html#help-text
[2m11:27:41 am[22m [33m[1m[vite][22m[39m [33m[2m(client)[22m[39m [2m[console.warn] [22mPlaceholders are deprecated due to accessibility issues. Please use help text instead. See the docs for details: https://react-spectrum.adobe.com/react-spectrum/TextField.html#help-text
[2m11:30:40 am[22m [33m[1m[vite][22m[39m [33m[2m(client)[22m[39m [2m[console.warn] [22mPlaceholders are deprecated due to accessibility issues. Please use help text instead. See the docs for details: https://react-spectrum.adobe.com/react-spectrum/SearchField.html#help-text
[2m11:30:40 am[22m [33m[1m[vite][22m[39m [33m[2m(client)[22m[39m [2m[console.warn] [22mPlaceholders are deprecated due to accessibility issues. Please use help text instead. See the docs for details: https://react-spectrum.adobe.com/react-spectrum/SearchField.html#help-text
[2m11:30:40 am[22m [33m[1m[vite][22m[39m [33m[2m(client)[22m[39m [2m[console.warn] [22mPlaceholders are deprecated due to accessibility issues. Please use help text instead. See the docs for details: https://react-spectrum.adobe.com/react-spectrum/TextField.html#help-text
[2m11:32:43 am[22m [33m[1m[vite][22m[39m [33m[2m(client)[22m[39m [2m[console.warn] [22mPlaceholders are deprecated due to accessibility issues. Please use help text instead. See the docs for details: https://react-spectrum.adobe.com/react-spectrum/SearchField.html#help-text
[2m11:32:43 am[22m [33m[1m[vite][22m[39m [33m[2m(client)[22m[39m [2m[console.warn] [22mPlaceholders are deprecated due to accessibility issues. Please use help text instead. See the docs for details: https://react-spectrum.adobe.com/react-spectrum/SearchField.html#help-text
[2m11:32:43 am[22m [33m[1m[vite][22m[39m [33m[2m(client)[22m[39m [2m[console.warn] [22mPlaceholders are deprecated due to accessibility issues. Please use help text instead. See the docs for details: https://react-spectrum.adobe.com/react-spectrum/TextField.html#help-text
[2m11:33:05 am[22m [33m[1m[vite][22m[39m [33m[2m(client)[22m[39m [2m[console.warn] [22mPlaceholders are deprecated due to accessibility issues. Please use help text instead. See the docs for details: https://react-spectrum.adobe.com/react-spectrum/SearchField.html#help-text
[2m11:33:05 am[22m [33m[1m[vite][22m[39m [33m[2m(client)[22m[39m [2m[console.warn] [22mPlaceholders are deprecated due to accessibility issues. Please use help text instead. See the docs for details: https://react-spectrum.adobe.com/react-spectrum/SearchField.html#help-text
[2m11:33:05 am[22m [33m[1m[vite][22m[39m [33m[2m(client)[22m[39m [2m[console.warn] [22mPlaceholders are deprecated due to accessibility issues. Please use help text instead. See the docs for details: https://react-spectrum.adobe.com/react-spectrum/TextField.html#help-text
[2m11:57:23 am[22m [33m[1m[vite][22m[39m [33m[2m(client)[22m[39m [2m[console.warn] [22mPlaceholders are deprecated due to accessibility issues. Please use help text instead. See the docs for details: https://react-spectrum.adobe.com/react-spectrum/SearchField.html#help-text
[2m11:57:23 am[22m [33m[1m[vite][22m[39m [33m[2m(client)[22m[39m [2m[console.warn] [22mPlaceholders are deprecated due to accessibility issues. Please use help text instead. See the docs for details: https://react-spectrum.adobe.com/react-spectrum/SearchField.html#help-text
[2m11:57:23 am[22m [33m[1m[vite][22m[39m [33m[2m(client)[22m[39m [2m[console.warn] [22mPlaceholders are deprecated due to accessibility issues. Please use help text instead. See the docs for details: https://react-spectrum.adobe.com/react-spectrum/TextField.html#help-text
[2m11:57:24 am[22m [33m[1m[vite][22m[39m [33m[2m(client)[22m[39m [2m[console.warn] [22mPlaceholders are deprecated due to accessibility issues. Please use help text instead. See the docs for details: https://react-spectrum.adobe.com/react-spectrum/SearchField.html#help-text
[2m11:57:24 am[22m [33m[1m[vite][22m[39m [33m[2m(client)[22m[39m [2m[console.warn] [22mPlaceholders are deprecated due to accessibility issues. Please use help text instead. See the docs for details: https://react-spectrum.adobe.com/react-spectrum/SearchField.html#help-text
[2m11:57:24 am[22m [33m[1m[vite][22m[39m [33m[2m(client)[22m[39m [2m[console.warn] [22mPlaceholders are deprecated due to accessibility issues. Please use help text instead. See the docs for details: https://react-spectrum.adobe.com/react-spectrum/TextField.html#help-text
[2m11:57:34 am[22m [33m[1m[vite][22m[39m [33m[2m(client)[22m[39m [2m[console.warn] [22mPlaceholders are deprecated due to accessibility issues. Please use help text instead. See the docs for details: https://react-spectrum.adobe.com/react-spectrum/TextField.html#help-text
[2m12:11:29 pm[22m [33m[1m[vite][22m[39m [33m[2m(client)[22m[39m [2m[console.warn] [22mPlaceholders are deprecated due to accessibility issues. Please use help text instead. See the docs for details: https://react-spectrum.adobe.com/react-spectrum/SearchField.html#help-text
[2m12:11:29 pm[22m [33m[1m[vite][22m[39m [33m[2m(client)[22m[39m [2m[console.warn] [22mPlaceholders are deprecated due to accessibility issues. Please use help text instead. See the docs for details: https://react-spectrum.adobe.com/react-spectrum/SearchField.html#help-text
[2m12:11:29 pm[22m [33m[1m[vite][22m[39m [33m[2m(client)[22m[39m [2m[console.warn] [22mPlaceholders are deprecated due to accessibility issues. Please use help text instead. See the docs for details: https://react-spectrum.adobe.com/react-spectrum/TextField.html#help-text
[2m12:11:37 pm[22m [33m[1m[vite][22m[39m [33m[2m(client)[22m[39m [2m[console.warn] [22mPlaceholders are deprecated due to accessibility issues. Please use help text instead. See the docs for details: https://react-spectrum.adobe.com/react-spectrum/TextField.html#help-text
[2m2:10:06 pm[22m [33m[1m[vite][22m[39m [33m[2m(client)[22m[39m [2m[console.warn] [22mPlaceholders are deprecated due to accessibility issues. Please use help text instead. See the docs for details: https://react-spectrum.adobe.com/react-spectrum/SearchField.html#help-text
[2m2:10:06 pm[22m [33m[1m[vite][22m[39m [33m[2m(client)[22m[39m [2m[console.warn] [22mPlaceholders are deprecated due to accessibility issues. Please use help text instead. See the docs for details: https://react-spectrum.adobe.com/react-spectrum/SearchField.html#help-text
[2m2:10:06 pm[22m [33m[1m[vite][22m[39m [33m[2m(client)[22m[39m [2m[console.warn] [22mPlaceholders are deprecated due to accessibility issues. Please use help text instead. See the docs for details: https://react-spectrum.adobe.com/react-spectrum/TextField.html#help-text
[2m2:55:43 pm[22m [33m[1m[vite][22m[39m [33m[2m(client)[22m[39m [2m[console.warn] [22mPlaceholders are deprecated due to accessibility issues. Please use help text instead. See the docs for details: https://react-spectrum.adobe.com/react-spectrum/SearchField.html#help-text
[2m2:55:43 pm[22m [33m[1m[vite][22m[39m [33m[2m(client)[22m[39m [2m[console.warn] [22mPlaceholders are deprecated due to accessibility issues. Please use help text instead. See the docs for details: https://react-spectrum.adobe.com/react-spectrum/SearchField.html#help-text
[2m2:55:43 pm[22m [33m[1m[vite][22m[39m [33m[2m(client)[22m[39m [2m[console.warn] [22mPlaceholders are deprecated due to accessibility issues. Please use help text instead. See the docs for details: https://react-spectrum.adobe.com/react-spectrum/TextField.html#help-text
[2m3:35:23 pm[22m [33m[1m[vite][22m[39m [33m[2m(client)[22m[39m [2m[console.warn] [22mPlaceholders are deprecated due to accessibility issues. Please use help text instead. See the docs for details: https://react-spectrum.adobe.com/react-spectrum/SearchField.html#help-text
[2m3:35:23 pm[22m [33m[1m[vite][22m[39m [33m[2m(client)[22m[39m [2m[console.warn] [22mPlaceholders are deprecated due to accessibility issues. Please use help text instead. See the docs for details: https://react-spectrum.adobe.com/react-spectrum/SearchField.html#help-text
[2m3:35:23 pm[22m [33m[1m[vite][22m[39m [33m[2m(client)[22m[39m [2m[console.warn] [22mPlaceholders are deprecated due to accessibility issues. Please use help text instead. See the docs for details: https://react-spectrum.adobe.com/react-spectrum/TextField.html#help-text
[2m3:45:05 pm[22m [33m[1m[vite][22m[39m [33m[2m(client)[22m[39m [2m[console.warn] [22mPlaceholders are deprecated due to accessibility issues. Please use help text instead. See the docs for details: https://react-spectrum.adobe.com/react-spectrum/SearchField.html#help-text
[2m3:45:05 pm[22m [33m[1m[vite][22m[39m [33m[2m(client)[22m[39m [2m[console.warn] [22mPlaceholders are deprecated due to accessibility issues. Please use help text instead. See the docs for details: https://react-spectrum.adobe.com/react-spectrum/SearchField.html#help-text
[2m3:45:05 pm[22m [33m[1m[vite][22m[39m [33m[2m(client)[22m[39m [2m[console.warn] [22mPlaceholders are deprecated due to accessibility issues. Please use help text instead. See the docs for details: https://react-spectrum.adobe.com/react-spectrum/TextField.html#help-text
[2m3:57:51 pm[22m [33m[1m[vite][22m[39m [33m[2m(client)[22m[39m [2m[console.warn] [22mPlaceholders are deprecated due to accessibility issues. Please use help text instead. See the docs for details: https://react-spectrum.adobe.com/react-spectrum/SearchField.html#help-text
[2m3:57:51 pm[22m [33m[1m[vite][22m[39m [33m[2m(client)[22m[39m [2m[console.warn] [22mPlaceholders are deprecated due to accessibility issues. Please use help text instead. See the docs for details: https://react-spectrum.adobe.com/react-spectrum/SearchField.html#help-text
[2m3:57:51 pm[22m [33m[1m[vite][22m[39m [33m[2m(client)[22m[39m [2m[console.warn] [22mPlaceholders are deprecated due to accessibility issues. Please use help text instead. See the docs for details: https://react-spectrum.adobe.com/react-spectrum/TextField.html#help-text
[2m4:13:05 pm[22m [33m[1m[vite][22m[39m [33m[2m(client)[22m[39m [2m[console.warn] [22mPlaceholders are deprecated due to accessibility issues. Please use help text instead. See the docs for details: https://react-spectrum.adobe.com/react-spectrum/SearchField.html#help-text
[2m4:13:05 pm[22m [33m[1m[vite][22m[39m [33m[2m(client)[22m[39m [2m[console.warn] [22mPlaceholders are deprecated due to accessibility issues. Please use help text instead. See the docs for details: https://react-spectrum.adobe.com/react-spectrum/SearchField.html#help-text
[2m4:13:05 pm[22m [33m[1m[vite][22m[39m [33m[2m(client)[22m[39m [2m[console.warn] [22mPlaceholders are deprecated due to accessibility issues. Please use help text instead. See the docs for details: https://react-spectrum.adobe.com/react-spectrum/TextField.html#help-text
[2m6:38:00 pm[22m [33m[1m[vite][22m[39m [33m[2m(client)[22m[39m [2m[console.warn] [22mPlaceholders are deprecated due to accessibility issues. Please use help text instead. See the docs for details: https://react-spectrum.adobe.com/react-spectrum/SearchField.html#help-text
[2m6:38:00 pm[22m [33m[1m[vite][22m[39m [33m[2m(client)[22m[39m [2m[console.warn] [22mPlaceholders are deprecated due to accessibility issues. Please use help text instead. See the docs for details: https://react-spectrum.adobe.com/react-spectrum/SearchField.html#help-text
[2m6:38:00 pm[22m [33m[1m[vite][22m[39m [33m[2m(client)[22m[39m [2m[console.warn] [22mPlaceholders are deprecated due to accessibility issues. Please use help text instead. See the docs for details: https://react-spectrum.adobe.com/react-spectrum/TextField.html#help-text
[2m6:45:15 pm[22m [33m[1m[vite][22m[39m [33m[2m(client)[22m[39m [2m[console.warn] [22mPlaceholders are deprecated due to accessibility issues. Please use help text instead. See the docs for details: https://react-spectrum.adobe.com/react-spectrum/SearchField.html#help-text
[2m6:45:15 pm[22m [33m[1m[vite][22m[39m [33m[2m(client)[22m[39m [2m[console.warn] [22mPlaceholders are deprecated due to accessibility issues. Please use help text instead. See the docs for details: https://react-spectrum.adobe.com/react-spectrum/SearchField.html#help-text
[2m6:45:15 pm[22m [33m[1m[vite][22m[39m [33m[2m(client)[22m[39m [2m[console.warn] [22mPlaceholders are deprecated due to accessibility issues. Please use help text instead. See the docs for details: https://react-spectrum.adobe.com/react-spectrum/TextField.html#help-text
[2m6:57:33 pm[22m [33m[1m[vite][22m[39m [33m[2m(client)[22m[39m [2m[console.warn] [22mPlaceholders are deprecated due to accessibility issues. Please use help text instead. See the docs for details: https://react-spectrum.adobe.com/react-spectrum/SearchField.html#help-text
[2m6:57:33 pm[22m [33m[1m[vite][22m[39m [33m[2m(client)[22m[39m [2m[console.warn] [22mPlaceholders are deprecated due to accessibility issues. Please use help text instead. See the docs for details: https://react-spectrum.adobe.com/react-spectrum/SearchField.html#help-text
[2m6:57:33 pm[22m [33m[1m[vite][22m[39m [33m[2m(client)[22m[39m [2m[console.warn] [22mPlaceholders are deprecated due to accessibility issues. Please use help text instead. See the docs for details: https://react-spectrum.adobe.com/react-spectrum/TextField.html#help-text
[2m6:59:09 pm[22m [33m[1m[vite][22m[39m [33m[2m(client)[22m[39m [2m[console.warn] [22mPlaceholders are deprecated due to accessibility issues. Please use help text instead. See the docs for details: https://react-spectrum.adobe.com/react-spectrum/SearchField.html#help-text
[2m6:59:09 pm[22m [33m[1m[vite][22m[39m [33m[2m(client)[22m[39m [2m[console.warn] [22mPlaceholders are deprecated due to accessibility issues. Please use help text instead. See the docs for details: https://react-spectrum.adobe.com/react-spectrum/SearchField.html#help-text
[2m6:59:09 pm[22m [33m[1m[vite][22m[39m [33m[2m(client)[22m[39m [2m[console.warn] [22mPlaceholders are deprecated due to accessibility issues. Please use help text instead. See the docs for details: https://react-spectrum.adobe.com/react-spectrum/TextField.html#help-text
[2m10:01:24 pm[22m [33m[1m[vite][22m[39m [33m[2m(client)[22m[39m [2m[console.warn] [22mPlaceholders are deprecated due to accessibility issues. Please use help text instead. See the docs for details: https://react-spectrum.adobe.com/react-spectrum/SearchField.html#help-text
[2m10:01:24 pm[22m [33m[1m[vite][22m[39m [33m[2m(client)[22m[39m [2m[console.warn] [22mPlaceholders are deprecated due to accessibility issues. Please use help text instead. See the docs for details: https://react-spectrum.adobe.com/react-spectrum/SearchField.html#help-text
[2m10:01:24 pm[22m [33m[1m[vite][22m[39m [33m[2m(client)[22m[39m [2m[console.warn] [22mPlaceholders are deprecated due to accessibility issues. Please use help text instead. See the docs for details: https://react-spectrum.adobe.com/react-spectrum/TextField.html#help-text
[2m10:01:26 pm[22m [33m[1m[vite][22m[39m [33m[2m(client)[22m[39m [2m[console.warn] [22mPlaceholders are deprecated due to accessibility issues. Please use help text instead. See the docs for details: https://react-spectrum.adobe.com/react-spectrum/SearchField.html#help-text
[2m10:01:26 pm[22m [33m[1m[vite][22m[39m [33m[2m(client)[22m[39m [2m[console.warn] [22mPlaceholders are deprecated due to accessibility issues. Please use help text instead. See the docs for details: https://react-spectrum.adobe.com/react-spectrum/SearchField.html#help-text
[2m10:01:26 pm[22m [33m[1m[vite][22m[39m [33m[2m(client)[22m[39m [2m[console.warn] [22mPlaceholders are deprecated due to accessibility issues. Please use help text instead. See the docs for details: https://react-spectrum.adobe.com/react-spectrum/TextField.html#help-text
[2m10:09:39 pm[22m [33m[1m[vite][22m[39m [33m[2m(client)[22m[39m [2m[console.warn] [22mPlaceholders are deprecated due to accessibility issues. Please use help text instead. See the docs for details: https://react-spectrum.adobe.com/react-spectrum/TextField.html#help-text
[2m10:09:55 pm[22m [33m[1m[vite][22m[39m [33m[2m(client)[22m[39m [2m[console.warn] [22mPlaceholders are deprecated due to accessibility issues. Please use help text instead. See the docs for details: https://react-spectrum.adobe.com/react-spectrum/TextField.html#help-text
[2m10:09:58 pm[22m [33m[1m[vite][22m[39m [33m[2m(client)[22m[39m [2m[console.warn] [22mPlaceholders are deprecated due to accessibility issues. Please use help text instead. See the docs for details: https://react-spectrum.adobe.com/react-spectrum/SearchField.html#help-text
[2m10:09:58 pm[22m [33m[1m[vite][22m[39m [33m[2m(client)[22m[39m [2m[console.warn] [22mPlaceholders are deprecated due to accessibility issues. Please use help text instead. See the docs for details: https://react-spectrum.adobe.com/react-spectrum/SearchField.html#help-text
[2m10:09:58 pm[22m [33m[1m[vite][22m[39m [33m[2m(client)[22m[39m [2m[console.warn] [22mPlaceholders are deprecated due to accessibility issues. Please use help text instead. See the docs for details: https://react-spectrum.adobe.com/react-spectrum/TextField.html#help-text
